<?xml version="1.0" encoding="UTF-8"?>
<testsuite xmlns:xsi="http://www.w3.org/2001/XMLSchema-instance" xsi:noNamespaceSchemaLocation="https://maven.apache.org/surefire/maven-surefire-plugin/xsd/surefire-test-report.xsd" version="3.0.2" name="es.onebox.service.WebhookServiceTest" time="0.273" tests="21" errors="0" skipped="0" failures="0">
  <properties>
[...]
</properties>
  <testcase name="sendProductLanguagesNotification_ok" classname="es.onebox.service.WebhookServiceTest" time="0.205">
    <system-out><![CDATA[15:03:14.574 [main] INFO  e.o.fever.service.WebhookService - [FEVER WEBHOOK] Processing notification null Event: PRODUCT Action: null Subtype: PRODUCT_LANGUAGES
15:03:14.574 [main] INFO  e.o.fever.service.WebhookService - [FEVER WEBHOOK] Discarding notification null Event: PRODUCT Action: null Subtype: PRODUCT_LANGUAGES
]]></system-out>
  </testcase>
  <testcase name="sendProductWebhook_unknownSubtype_throwsException" classname="es.onebox.service.WebhookServiceTest" time="0.002">
    <system-out><![CDATA[15:03:14.577 [main] INFO  e.o.fever.service.WebhookService - [FEVER WEBHOOK] Processing notification null Event: PRODUCT Action: null Subtype: UNKNOWN_SUBTYPE
]]></system-out>
  </testcase>
  <testcase name="sendFeverKafkaMessage_ok_verifySendMessageCalled" classname="es.onebox.service.WebhookServiceTest" time="0.023">
    <system-out><![CDATA[15:03:14.580 [main] INFO  e.o.fever.service.WebhookService - [FEVER WEBHOOK] Processing notification delivery-123 Event: ENTITY_FVZONE Action: null
15:03:14.599 [main] INFO  e.o.fever.service.WebhookService - [FEVER WEBHOOK] Sending Kafka notification delivery-123 Event: ENTITY_FVZONE Topic: json.event.onebox.webhook.on_webhook_received
]]></system-out>
  </testcase>
  <testcase name="sendProductConfigurationNotification_ok" classname="es.onebox.service.WebhookServiceTest" time="0.003">
    <system-out><![CDATA[15:03:14.602 [main] INFO  e.o.fever.service.WebhookService - [FEVER WEBHOOK] Processing notification null Event: PRODUCT Action: null Subtype: PRODUCT_CONFIGURATION
15:03:14.602 [main] INFO  e.o.fever.service.WebhookService - [FEVER WEBHOOK] Discarding notification null Event: PRODUCT Action: null Subtype: PRODUCT_CONFIGURATION
]]></system-out>
  </testcase>
  <testcase name="sendProductWebhook_nullSubtype_throwsNullPointerException" classname="es.onebox.service.WebhookServiceTest" time="0.002">
    <system-out><![CDATA[15:03:14.605 [main] INFO  e.o.fever.service.WebhookService - [FEVER WEBHOOK] Processing notification null Event: PRODUCT Action: null
]]></system-out>
  </testcase>
  <testcase name="sendProductSessionsNotification_withProductChannels_validationCalled" classname="es.onebox.service.WebhookServiceTest" time="0.002">
    <system-out><![CDATA[15:03:14.607 [main] INFO  e.o.fever.service.WebhookService - [FEVER WEBHOOK] Processing notification null Event: PRODUCT Action: null Subtype: PRODUCT_SESSIONS
15:03:14.607 [main] INFO  e.o.fever.service.WebhookService - [FEVER WEBHOOK] Discarding notification null Event: PRODUCT Action: null Subtype: PRODUCT_SESSIONS
]]></system-out>
  </testcase>
  <testcase name="sendProductSurchargesNotification_ok" classname="es.onebox.service.WebhookServiceTest" time="0.002">
    <system-out><![CDATA[15:03:14.609 [main] INFO  e.o.fever.service.WebhookService - [FEVER WEBHOOK] Processing notification null Event: PRODUCT Action: null Subtype: PRODUCT_SURCHARGES
15:03:14.609 [main] INFO  e.o.fever.service.WebhookService - [FEVER WEBHOOK] Discarding notification null Event: PRODUCT Action: null Subtype: PRODUCT_SURCHARGES
]]></system-out>
  </testcase>
  <testcase name="sendProductEventsNotification_withProductChannels_validationCalled" classname="es.onebox.service.WebhookServiceTest" time="0.002">
    <system-out><![CDATA[15:03:14.611 [main] INFO  e.o.fever.service.WebhookService - [FEVER WEBHOOK] Processing notification null Event: PRODUCT Action: null Subtype: PRODUCT_EVENTS
15:03:14.611 [main] INFO  e.o.fever.service.WebhookService - [FEVER WEBHOOK] Discarding notification null Event: PRODUCT Action: null Subtype: PRODUCT_EVENTS
]]></system-out>
  </testcase>
  <testcase name="sendFeverKafkaMessage_ok_verifyKafkaHeaders" classname="es.onebox.service.WebhookServiceTest" time="0.002">
    <system-out><![CDATA[15:03:14.613 [main] INFO  e.o.fever.service.WebhookService - [FEVER WEBHOOK] Processing notification delivery-789 Event: ENTITY_FVZONE Action: null
15:03:14.614 [main] INFO  e.o.fever.service.WebhookService - [FEVER WEBHOOK] Sending Kafka notification delivery-789 Event: ENTITY_FVZONE Topic: json.event.onebox.webhook.on_webhook_received
]]></system-out>
  </testcase>
  <testcase name="sendEntityEventNotification_notAllowed_doNothing" classname="es.onebox.service.WebhookServiceTest" time="0.002">
    <system-out><![CDATA[15:03:14.616 [main] INFO  e.o.fever.service.WebhookService - [FEVER WEBHOOK] Processing notification null Event: ENTITY_FVZONE Action: null
15:03:14.616 [main] INFO  e.o.fever.service.WebhookService - [FEVER WEBHOOK] Discarding notification null Event: ENTITY_FVZONE Action: null
]]></system-out>
  </testcase>
  <testcase name="sendProductEventsNotification_notAllowed_doNothing" classname="es.onebox.service.WebhookServiceTest" time="0.002">
    <system-out><![CDATA[15:03:14.618 [main] INFO  e.o.fever.service.WebhookService - [FEVER WEBHOOK] Processing notification null Event: PRODUCT Action: null Subtype: PRODUCT_EVENTS
15:03:14.618 [main] INFO  e.o.fever.service.WebhookService - [FEVER WEBHOOK] Discarding notification null Event: PRODUCT Action: null Subtype: PRODUCT_EVENTS
]]></system-out>
  </testcase>
  <testcase name="sendProductEventsNotification_ok" classname="es.onebox.service.WebhookServiceTest" time="0.002">
    <system-out><![CDATA[15:03:14.620 [main] INFO  e.o.fever.service.WebhookService - [FEVER WEBHOOK] Processing notification null Event: PRODUCT Action: null Subtype: PRODUCT_EVENTS
15:03:14.621 [main] INFO  e.o.fever.service.WebhookService - [FEVER WEBHOOK] Discarding notification null Event: PRODUCT Action: null Subtype: PRODUCT_EVENTS
]]></system-out>
  </testcase>
  <testcase name="sendFeverKafkaMessage_kafkaException_logsErrorAndContinues" classname="es.onebox.service.WebhookServiceTest" time="0.002">
    <system-out><![CDATA[15:03:14.623 [main] INFO  e.o.fever.service.WebhookService - [FEVER WEBHOOK] Processing notification delivery-error Event: ENTITY_FVZONE Action: null
15:03:14.623 [main] INFO  e.o.fever.service.WebhookService - [FEVER WEBHOOK] Sending Kafka notification delivery-error Event: ENTITY_FVZONE Topic: json.event.onebox.webhook.on_webhook_received
]]></system-out>
  </testcase>
  <testcase name="sendProductChannelDeletedNotification_withoutChannelId_notAllowed" classname="es.onebox.service.WebhookServiceTest" time="0.001">
    <system-out><![CDATA[15:03:14.625 [main] INFO  e.o.fever.service.WebhookService - [FEVER WEBHOOK] Processing notification null Event: PRODUCT Action: null Subtype: PRODUCT_CHANNEL_DELETED
15:03:14.625 [main] INFO  e.o.fever.service.WebhookService - [FEVER WEBHOOK] Discarding notification null Event: PRODUCT Action: null Subtype: PRODUCT_CHANNEL_DELETED
]]></system-out>
  </testcase>
  <testcase name="sendFeverKafkaMessage_ok_verifyPayloadContent" classname="es.onebox.service.WebhookServiceTest" time="0.002">
    <system-out><![CDATA[15:03:14.627 [main] INFO  e.o.fever.service.WebhookService - [FEVER WEBHOOK] Processing notification delivery-456 Event: ENTITY_FVZONE Action: null
15:03:14.628 [main] INFO  e.o.fever.service.WebhookService - [FEVER WEBHOOK] Sending Kafka notification delivery-456 Event: ENTITY_FVZONE Topic: json.event.onebox.webhook.on_webhook_received
]]></system-out>
  </testcase>
  <testcase name="feverKafkaPayload_jsonSerialization_format" classname="es.onebox.service.WebhookServiceTest" time="0.002"/>
  <testcase name="sendProductSessionsNotification_ok" classname="es.onebox.service.WebhookServiceTest" time="0.001">
    <system-out><![CDATA[15:03:14.632 [main] INFO  e.o.fever.service.WebhookService - [FEVER WEBHOOK] Processing notification null Event: PRODUCT Action: null Subtype: PRODUCT_SESSIONS
15:03:14.632 [main] INFO  e.o.fever.service.WebhookService - [FEVER WEBHOOK] Discarding notification null Event: PRODUCT Action: null Subtype: PRODUCT_SESSIONS
]]></system-out>
  </testcase>
  <testcase name="sendProductChannelDeletedNotification_withChannelId_ok" classname="es.onebox.service.WebhookServiceTest" time="0.003">
    <system-out><![CDATA[15:03:14.634 [main] INFO  e.o.fever.service.WebhookService - [FEVER WEBHOOK] Processing notification null Event: PRODUCT Action: null Subtype: PRODUCT_CHANNEL_DELETED
15:03:14.635 [main] ERROR e.o.fever.service.WebhookService - [FEVER WEBHOOK] Unexpected error sending Kafka webhook message
java.lang.NullPointerException: Cannot invoke "String.getBytes(java.nio.charset.Charset)" because "deliveryId" is null
	at es.onebox.fever.service.WebhookService.sendFeverKafkaMessage(WebhookService.java:494)
	at es.onebox.fever.service.WebhookService.sendFeverWebhook(WebhookService.java:458)
	at es.onebox.fever.service.WebhookService.handleProductWebhook(WebhookService.java:339)
	at es.onebox.fever.service.WebhookService.sendWebhookToFever(WebhookService.java:146)
	at es.onebox.service.WebhookServiceTest.sendProductChannelDeletedNotification_withChannelId_ok(WebhookServiceTest.java:296)
	at java.base/jdk.internal.reflect.NativeMethodAccessorImpl.invoke0(Native Method)
	at java.base/jdk.internal.reflect.NativeMethodAccessorImpl.invoke(NativeMethodAccessorImpl.java:77)
	at java.base/jdk.internal.reflect.DelegatingMethodAccessorImpl.invoke(DelegatingMethodAccessorImpl.java:43)
	at java.base/java.lang.reflect.Method.invoke(Method.java:568)
	at org.junit.platform.commons.util.ReflectionUtils.invokeMethod(ReflectionUtils.java:728)
	at org.junit.jupiter.engine.execution.MethodInvocation.proceed(MethodInvocation.java:60)
	at org.junit.jupiter.engine.execution.InvocationInterceptorChain$ValidatingInvocation.proceed(InvocationInterceptorChain.java:131)
	at org.junit.jupiter.engine.extension.TimeoutExtension.intercept(TimeoutExtension.java:156)
	at org.junit.jupiter.engine.extension.TimeoutExtension.interceptTestableMethod(TimeoutExtension.java:147)
	at org.junit.jupiter.engine.extension.TimeoutExtension.interceptTestMethod(TimeoutExtension.java:86)
	at org.junit.jupiter.engine.execution.InterceptingExecutableInvoker$ReflectiveInterceptorCall.lambda$ofVoidMethod$0(InterceptingExecutableInvoker.java:103)
	at org.junit.jupiter.engine.execution.InterceptingExecutableInvoker.lambda$invoke$0(InterceptingExecutableInvoker.java:93)
	at org.junit.jupiter.engine.execution.InvocationInterceptorChain$InterceptedInvocation.proceed(InvocationInterceptorChain.java:106)
	at org.junit.jupiter.engine.execution.InvocationInterceptorChain.proceed(InvocationInterceptorChain.java:64)
	at org.junit.jupiter.engine.execution.InvocationInterceptorChain.chainAndInvoke(InvocationInterceptorChain.java:45)
	at org.junit.jupiter.engine.execution.InvocationInterceptorChain.invoke(InvocationInterceptorChain.java:37)
	at org.junit.jupiter.engine.execution.InterceptingExecutableInvoker.invoke(InterceptingExecutableInvoker.java:92)
	at org.junit.jupiter.engine.execution.InterceptingExecutableInvoker.invoke(InterceptingExecutableInvoker.java:86)
	at org.junit.jupiter.engine.descriptor.TestMethodTestDescriptor.lambda$invokeTestMethod$7(TestMethodTestDescriptor.java:218)
	at org.junit.platform.engine.support.hierarchical.ThrowableCollector.execute(ThrowableCollector.java:73)
	at org.junit.jupiter.engine.descriptor.TestMethodTestDescriptor.invokeTestMethod(TestMethodTestDescriptor.java:214)
	at org.junit.jupiter.engine.descriptor.TestMethodTestDescriptor.execute(TestMethodTestDescriptor.java:139)
	at org.junit.jupiter.engine.descriptor.TestMethodTestDescriptor.execute(TestMethodTestDescriptor.java:69)
	at org.junit.platform.engine.support.hierarchical.NodeTestTask.lambda$executeRecursively$6(NodeTestTask.java:151)
	at org.junit.platform.engine.support.hierarchical.ThrowableCollector.execute(ThrowableCollector.java:73)
	at org.junit.platform.engine.support.hierarchical.NodeTestTask.lambda$executeRecursively$8(NodeTestTask.java:141)
	at org.junit.platform.engine.support.hierarchical.Node.around(Node.java:137)
	at org.junit.platform.engine.support.hierarchical.NodeTestTask.lambda$executeRecursively$9(NodeTestTask.java:139)
	at org.junit.platform.engine.support.hierarchical.ThrowableCollector.execute(ThrowableCollector.java:73)
	at org.junit.platform.engine.support.hierarchical.NodeTestTask.executeRecursively(NodeTestTask.java:138)
	at org.junit.platform.engine.support.hierarchical.NodeTestTask.execute(NodeTestTask.java:95)
	at java.base/java.util.ArrayList.forEach(ArrayList.java:1511)
	at org.junit.platform.engine.support.hierarchical.SameThreadHierarchicalTestExecutorService.invokeAll(SameThreadHierarchicalTestExecutorService.java:41)
	at org.junit.platform.engine.support.hierarchical.NodeTestTask.lambda$executeRecursively$6(NodeTestTask.java:155)
	at org.junit.platform.engine.support.hierarchical.ThrowableCollector.execute(ThrowableCollector.java:73)
	at org.junit.platform.engine.support.hierarchical.NodeTestTask.lambda$executeRecursively$8(NodeTestTask.java:141)
	at org.junit.platform.engine.support.hierarchical.Node.around(Node.java:137)
	at org.junit.platform.engine.support.hierarchical.NodeTestTask.lambda$executeRecursively$9(NodeTestTask.java:139)
	at org.junit.platform.engine.support.hierarchical.ThrowableCollector.execute(ThrowableCollector.java:73)
	at org.junit.platform.engine.support.hierarchical.NodeTestTask.executeRecursively(NodeTestTask.java:138)
	at org.junit.platform.engine.support.hierarchical.NodeTestTask.execute(NodeTestTask.java:95)
	at java.base/java.util.ArrayList.forEach(ArrayList.java:1511)
	at org.junit.platform.engine.support.hierarchical.SameThreadHierarchicalTestExecutorService.invokeAll(SameThreadHierarchicalTestExecutorService.java:41)
	at org.junit.platform.engine.support.hierarchical.NodeTestTask.lambda$executeRecursively$6(NodeTestTask.java:155)
	at org.junit.platform.engine.support.hierarchical.ThrowableCollector.execute(ThrowableCollector.java:73)
	at org.junit.platform.engine.support.hierarchical.NodeTestTask.lambda$executeRecursively$8(NodeTestTask.java:141)
	at org.junit.platform.engine.support.hierarchical.Node.around(Node.java:137)
	at org.junit.platform.engine.support.hierarchical.NodeTestTask.lambda$executeRecursively$9(NodeTestTask.java:139)
	at org.junit.platform.engine.support.hierarchical.ThrowableCollector.execute(ThrowableCollector.java:73)
	at org.junit.platform.engine.support.hierarchical.NodeTestTask.executeRecursively(NodeTestTask.java:138)
	at org.junit.platform.engine.support.hierarchical.NodeTestTask.execute(NodeTestTask.java:95)
	at org.junit.platform.engine.support.hierarchical.SameThreadHierarchicalTestExecutorService.submit(SameThreadHierarchicalTestExecutorService.java:35)
	at org.junit.platform.engine.support.hierarchical.HierarchicalTestExecutor.execute(HierarchicalTestExecutor.java:57)
	at org.junit.platform.engine.support.hierarchical.HierarchicalTestEngine.execute(HierarchicalTestEngine.java:54)
	at org.junit.platform.launcher.core.EngineExecutionOrchestrator.execute(EngineExecutionOrchestrator.java:198)
	at org.junit.platform.launcher.core.EngineExecutionOrchestrator.execute(EngineExecutionOrchestrator.java:169)
	at org.junit.platform.launcher.core.EngineExecutionOrchestrator.execute(EngineExecutionOrchestrator.java:93)
	at org.junit.platform.launcher.core.EngineExecutionOrchestrator.lambda$execute$0(EngineExecutionOrchestrator.java:58)
	at org.junit.platform.launcher.core.EngineExecutionOrchestrator.withInterceptedStreams(EngineExecutionOrchestrator.java:141)
	at org.junit.platform.launcher.core.EngineExecutionOrchestrator.execute(EngineExecutionOrchestrator.java:57)
	at org.junit.platform.launcher.core.DefaultLauncher.execute(DefaultLauncher.java:103)
	at org.junit.platform.launcher.core.DefaultLauncher.execute(DefaultLauncher.java:85)
	at org.junit.platform.launcher.core.DelegatingLauncher.execute(DelegatingLauncher.java:47)
	at org.apache.maven.surefire.junitplatform.LazyLauncher.execute(LazyLauncher.java:56)
	at org.apache.maven.surefire.junitplatform.JUnitPlatformProvider.execute(JUnitPlatformProvider.java:184)
	at org.apache.maven.surefire.junitplatform.JUnitPlatformProvider.invokeAllTests(JUnitPlatformProvider.java:148)
	at org.apache.maven.surefire.junitplatform.JUnitPlatformProvider.invoke(JUnitPlatformProvider.java:122)
	at org.apache.maven.surefire.booter.ForkedBooter.runSuitesInProcess(ForkedBooter.java:385)
	at org.apache.maven.surefire.booter.ForkedBooter.execute(ForkedBooter.java:162)
	at org.apache.maven.surefire.booter.ForkedBooter.run(ForkedBooter.java:507)
	at org.apache.maven.surefire.booter.ForkedBooter.main(ForkedBooter.java:495)
]]></system-out>
  </testcase>
  <testcase name="sendProductGeneralDataNotification_ok" classname="es.onebox.service.WebhookServiceTest" time="0.002">
    <system-out><![CDATA[15:03:14.638 [main] INFO  e.o.fever.service.WebhookService - [FEVER WEBHOOK] Processing notification null Event: PRODUCT Action: null Subtype: PRODUCT_GENERAL_DATA
15:03:14.638 [main] INFO  e.o.fever.service.WebhookService - [FEVER WEBHOOK] Discarding notification null Event: PRODUCT Action: null Subtype: PRODUCT_GENERAL_DATA
]]></system-out>
  </testcase>
  <testcase name="sendProductSessionsNotification_notAllowed_doNothing" classname="es.onebox.service.WebhookServiceTest" time="0.001">
    <system-out><![CDATA[15:03:14.639 [main] INFO  e.o.fever.service.WebhookService - [FEVER WEBHOOK] Processing notification null Event: PRODUCT Action: null Subtype: PRODUCT_SESSIONS
15:03:14.639 [main] INFO  e.o.fever.service.WebhookService - [FEVER WEBHOOK] Discarding notification null Event: PRODUCT Action: null Subtype: PRODUCT_SESSIONS
]]></system-out>
  </testcase>
  <testcase name="sendEntityEventNotification_ok" classname="es.onebox.service.WebhookServiceTest" time="0.001">
    <system-out><![CDATA[15:03:14.641 [main] INFO  e.o.fever.service.WebhookService - [FEVER WEBHOOK] Processing notification null Event: ENTITY_FVZONE Action: null
15:03:14.641 [main] ERROR e.o.fever.service.WebhookService - [FEVER WEBHOOK] Unexpected error sending Kafka webhook message
java.lang.NullPointerException: Cannot invoke "String.getBytes(java.nio.charset.Charset)" because "deliveryId" is null
	at es.onebox.fever.service.WebhookService.sendFeverKafkaMessage(WebhookService.java:494)
	at es.onebox.fever.service.WebhookService.sendFeverWebhook(WebhookService.java:458)
	at es.onebox.fever.service.WebhookService.handleEntityFvZoneWebhook(WebhookService.java:321)
	at es.onebox.fever.service.WebhookService.sendWebhookToFever(WebhookService.java:149)
	at es.onebox.service.WebhookServiceTest.sendEntityEventNotification_ok(WebhookServiceTest.java:128)
	at java.base/jdk.internal.reflect.NativeMethodAccessorImpl.invoke0(Native Method)
	at java.base/jdk.internal.reflect.NativeMethodAccessorImpl.invoke(NativeMethodAccessorImpl.java:77)
	at java.base/jdk.internal.reflect.DelegatingMethodAccessorImpl.invoke(DelegatingMethodAccessorImpl.java:43)
	at java.base/java.lang.reflect.Method.invoke(Method.java:568)
	at org.junit.platform.commons.util.ReflectionUtils.invokeMethod(ReflectionUtils.java:728)
	at org.junit.jupiter.engine.execution.MethodInvocation.proceed(MethodInvocation.java:60)
	at org.junit.jupiter.engine.execution.InvocationInterceptorChain$ValidatingInvocation.proceed(InvocationInterceptorChain.java:131)
	at org.junit.jupiter.engine.extension.TimeoutExtension.intercept(TimeoutExtension.java:156)
	at org.junit.jupiter.engine.extension.TimeoutExtension.interceptTestableMethod(TimeoutExtension.java:147)
	at org.junit.jupiter.engine.extension.TimeoutExtension.interceptTestMethod(TimeoutExtension.java:86)
	at org.junit.jupiter.engine.execution.InterceptingExecutableInvoker$ReflectiveInterceptorCall.lambda$ofVoidMethod$0(InterceptingExecutableInvoker.java:103)
	at org.junit.jupiter.engine.execution.InterceptingExecutableInvoker.lambda$invoke$0(InterceptingExecutableInvoker.java:93)
	at org.junit.jupiter.engine.execution.InvocationInterceptorChain$InterceptedInvocation.proceed(InvocationInterceptorChain.java:106)
	at org.junit.jupiter.engine.execution.InvocationInterceptorChain.proceed(InvocationInterceptorChain.java:64)
	at org.junit.jupiter.engine.execution.InvocationInterceptorChain.chainAndInvoke(InvocationInterceptorChain.java:45)
	at org.junit.jupiter.engine.execution.InvocationInterceptorChain.invoke(InvocationInterceptorChain.java:37)
	at org.junit.jupiter.engine.execution.InterceptingExecutableInvoker.invoke(InterceptingExecutableInvoker.java:92)
	at org.junit.jupiter.engine.execution.InterceptingExecutableInvoker.invoke(InterceptingExecutableInvoker.java:86)
	at org.junit.jupiter.engine.descriptor.TestMethodTestDescriptor.lambda$invokeTestMethod$7(TestMethodTestDescriptor.java:218)
	at org.junit.platform.engine.support.hierarchical.ThrowableCollector.execute(ThrowableCollector.java:73)
	at org.junit.jupiter.engine.descriptor.TestMethodTestDescriptor.invokeTestMethod(TestMethodTestDescriptor.java:214)
	at org.junit.jupiter.engine.descriptor.TestMethodTestDescriptor.execute(TestMethodTestDescriptor.java:139)
	at org.junit.jupiter.engine.descriptor.TestMethodTestDescriptor.execute(TestMethodTestDescriptor.java:69)
	at org.junit.platform.engine.support.hierarchical.NodeTestTask.lambda$executeRecursively$6(NodeTestTask.java:151)
	at org.junit.platform.engine.support.hierarchical.ThrowableCollector.execute(ThrowableCollector.java:73)
	at org.junit.platform.engine.support.hierarchical.NodeTestTask.lambda$executeRecursively$8(NodeTestTask.java:141)
	at org.junit.platform.engine.support.hierarchical.Node.around(Node.java:137)
	at org.junit.platform.engine.support.hierarchical.NodeTestTask.lambda$executeRecursively$9(NodeTestTask.java:139)
	at org.junit.platform.engine.support.hierarchical.ThrowableCollector.execute(ThrowableCollector.java:73)
	at org.junit.platform.engine.support.hierarchical.NodeTestTask.executeRecursively(NodeTestTask.java:138)
	at org.junit.platform.engine.support.hierarchical.NodeTestTask.execute(NodeTestTask.java:95)
	at java.base/java.util.ArrayList.forEach(ArrayList.java:1511)
	at org.junit.platform.engine.support.hierarchical.SameThreadHierarchicalTestExecutorService.invokeAll(SameThreadHierarchicalTestExecutorService.java:41)
	at org.junit.platform.engine.support.hierarchical.NodeTestTask.lambda$executeRecursively$6(NodeTestTask.java:155)
	at org.junit.platform.engine.support.hierarchical.ThrowableCollector.execute(ThrowableCollector.java:73)
	at org.junit.platform.engine.support.hierarchical.NodeTestTask.lambda$executeRecursively$8(NodeTestTask.java:141)
	at org.junit.platform.engine.support.hierarchical.Node.around(Node.java:137)
	at org.junit.platform.engine.support.hierarchical.NodeTestTask.lambda$executeRecursively$9(NodeTestTask.java:139)
	at org.junit.platform.engine.support.hierarchical.ThrowableCollector.execute(ThrowableCollector.java:73)
	at org.junit.platform.engine.support.hierarchical.NodeTestTask.executeRecursively(NodeTestTask.java:138)
	at org.junit.platform.engine.support.hierarchical.NodeTestTask.execute(NodeTestTask.java:95)
	at java.base/java.util.ArrayList.forEach(ArrayList.java:1511)
	at org.junit.platform.engine.support.hierarchical.SameThreadHierarchicalTestExecutorService.invokeAll(SameThreadHierarchicalTestExecutorService.java:41)
	at org.junit.platform.engine.support.hierarchical.NodeTestTask.lambda$executeRecursively$6(NodeTestTask.java:155)
	at org.junit.platform.engine.support.hierarchical.ThrowableCollector.execute(ThrowableCollector.java:73)
	at org.junit.platform.engine.support.hierarchical.NodeTestTask.lambda$executeRecursively$8(NodeTestTask.java:141)
	at org.junit.platform.engine.support.hierarchical.Node.around(Node.java:137)
	at org.junit.platform.engine.support.hierarchical.NodeTestTask.lambda$executeRecursively$9(NodeTestTask.java:139)
	at org.junit.platform.engine.support.hierarchical.ThrowableCollector.execute(ThrowableCollector.java:73)
	at org.junit.platform.engine.support.hierarchical.NodeTestTask.executeRecursively(NodeTestTask.java:138)
	at org.junit.platform.engine.support.hierarchical.NodeTestTask.execute(NodeTestTask.java:95)
	at org.junit.platform.engine.support.hierarchical.SameThreadHierarchicalTestExecutorService.submit(SameThreadHierarchicalTestExecutorService.java:35)
	at org.junit.platform.engine.support.hierarchical.HierarchicalTestExecutor.execute(HierarchicalTestExecutor.java:57)
	at org.junit.platform.engine.support.hierarchical.HierarchicalTestEngine.execute(HierarchicalTestEngine.java:54)
	at org.junit.platform.launcher.core.EngineExecutionOrchestrator.execute(EngineExecutionOrchestrator.java:198)
	at org.junit.platform.launcher.core.EngineExecutionOrchestrator.execute(EngineExecutionOrchestrator.java:169)
	at org.junit.platform.launcher.core.EngineExecutionOrchestrator.execute(EngineExecutionOrchestrator.java:93)
	at org.junit.platform.launcher.core.EngineExecutionOrchestrator.lambda$execute$0(EngineExecutionOrchestrator.java:58)
	at org.junit.platform.launcher.core.EngineExecutionOrchestrator.withInterceptedStreams(EngineExecutionOrchestrator.java:141)
	at org.junit.platform.launcher.core.EngineExecutionOrchestrator.execute(EngineExecutionOrchestrator.java:57)
	at org.junit.platform.launcher.core.DefaultLauncher.execute(DefaultLauncher.java:103)
	at org.junit.platform.launcher.core.DefaultLauncher.execute(DefaultLauncher.java:85)
	at org.junit.platform.launcher.core.DelegatingLauncher.execute(DelegatingLauncher.java:47)
	at org.apache.maven.surefire.junitplatform.LazyLauncher.execute(LazyLauncher.java:56)
	at org.apache.maven.surefire.junitplatform.JUnitPlatformProvider.execute(JUnitPlatformProvider.java:184)
	at org.apache.maven.surefire.junitplatform.JUnitPlatformProvider.invokeAllTests(JUnitPlatformProvider.java:148)
	at org.apache.maven.surefire.junitplatform.JUnitPlatformProvider.invoke(JUnitPlatformProvider.java:122)
	at org.apache.maven.surefire.booter.ForkedBooter.runSuitesInProcess(ForkedBooter.java:385)
	at org.apache.maven.surefire.booter.ForkedBooter.execute(ForkedBooter.java:162)
	at org.apache.maven.surefire.booter.ForkedBooter.run(ForkedBooter.java:507)
	at org.apache.maven.surefire.booter.ForkedBooter.main(ForkedBooter.java:495)
]]></system-out>
  </testcase>
</testsuite>