<?xml version="1.0" encoding="UTF-8"?>
<testsuite xmlns:xsi="http://www.w3.org/2001/XMLSchema-instance" xsi:noNamespaceSchemaLocation="https://maven.apache.org/surefire/maven-surefire-plugin/xsd/surefire-test-report.xsd" version="3.0.2" name="es.onebox.common.datasources.ms.channel.enums.ChannelCommercialInformationConsentTest" time="0.02" tests="5" errors="0" skipped="0" failures="0">
  <properties>
[...]
</properties>
  <testcase name="testGetWithInvalidCombination" classname="es.onebox.common.datasources.ms.channel.enums.ChannelCommercialInformationConsentTest" time="0.001"/>
  <testcase name="testEnumValues" classname="es.onebox.common.datasources.ms.channel.enums.ChannelCommercialInformationConsentTest" time="0.0"/>
  <testcase name="testCheckToDecline" classname="es.onebox.common.datasources.ms.channel.enums.ChannelCommercialInformationConsentTest" time="0.0"/>
  <testcase name="testDoNotRequest" classname="es.onebox.common.datasources.ms.channel.enums.ChannelCommercialInformationConsentTest" time="0.0"/>
  <testcase name="testCheckToAccept" classname="es.onebox.common.datasources.ms.channel.enums.ChannelCommercialInformationConsentTest" time="0.0"/>
</testsuite>