<?xml version="1.0" encoding="UTF-8"?>
<testsuite xmlns:xsi="http://www.w3.org/2001/XMLSchema-instance" xsi:noNamespaceSchemaLocation="https://maven.apache.org/surefire/maven-surefire-plugin/xsd/surefire-test-report.xsd" version="3.0.2" name="es.onebox.atm.users.AtmUsersServiceTest" time="0.21" tests="6" errors="0" skipped="0" failures="0">
  <properties>
[...]
</properties>
  <testcase name="validateMemberPresale" classname="es.onebox.atm.users.AtmUsersServiceTest" time="0.043">
    <system-out><![CDATA[15:03:09.358 [main] INFO es.onebox.atm.users.service.AtmUsersService -- [ATMIDENTITY] getExternalUserData: userSalesforceId: atm_user_test
]]></system-out>
  </testcase>
  <testcase name="vendorListIsEmpty" classname="es.onebox.atm.users.AtmUsersServiceTest" time="0.004">
    <system-out><![CDATA[15:03:09.366 [main] INFO es.onebox.atm.users.service.AtmUsersService -- [ATMIDENTITY] getExternalUserData: userSalesforceId: user
]]></system-out>
  </testcase>
  <testcase name="getUserFieldNotFound" classname="es.onebox.atm.users.AtmUsersServiceTest" time="0.002"/>
  <testcase name="getPromotions" classname="es.onebox.atm.users.AtmUsersServiceTest" time="0.135">
    <system-out><![CDATA[15:03:09.504 [main] INFO es.onebox.atm.users.service.AtmUsersService -- [ATM PROMOTION] getUserPromotions: userSalesforceId: akwd
]]></system-out>
  </testcase>
  <testcase name="authDataIsNull" classname="es.onebox.atm.users.AtmUsersServiceTest" time="0.001">
    <system-out><![CDATA[15:03:09.507 [main] INFO es.onebox.atm.users.service.AtmUsersService -- [ATMIDENTITY] getExternalUserData: userSalesforceId: user
]]></system-out>
  </testcase>
  <testcase name="getRelatedUsers" classname="es.onebox.atm.users.AtmUsersServiceTest" time="0.013">
    <system-out><![CDATA[15:03:09.512 [main] INFO es.onebox.atm.users.service.AtmUsersService -- [ATMIDENTITY] getRelatedUsers: tutorId: hlHuPSCcj
15:03:09.520 [main] INFO es.onebox.atm.users.service.AtmUsersService -- [ATMIDENTITY] getRelatedUsers: tutorId: JRPPnkBIJgn
]]></system-out>
  </testcase>
</testsuite>